{"/media/jeremy/OrangeCream/Linux Software/ComfyUI-master/Linux-ComfyUI-Launcher/frontend/src/components/AppIcon.tsx": {"path":"/media/jeremy/OrangeCream/Linux Software/ComfyUI-master/Linux-ComfyUI-Launcher/frontend/src/components/AppIcon.tsx","statementMap":{"0":{"start":{"line":25,"column":20},"end":{"line":32,"column":null}},"1":{"start":{"line":26,"column":42},"end":{"line":30,"column":null}},"2":{"start":{"line":31,"column":2},"end":{"line":31,"column":null}},"3":{"start":{"line":34,"column":87},"end":{"line":104,"column":null}},"4":{"start":{"line":40,"column":8},"end":{"line":40,"column":null}},"5":{"start":{"line":41,"column":8},"end":{"line":41,"column":null}},"6":{"start":{"line":43,"column":19},"end":{"line":43,"column":null}},"7":{"start":{"line":44,"column":18},"end":{"line":44,"column":null}},"8":{"start":{"line":45,"column":18},"end":{"line":45,"column":null}},"9":{"start":{"line":46,"column":17},"end":{"line":46,"column":null}},"10":{"start":{"line":48,"column":20},"end":{"line":48,"column":null}},"11":{"start":{"line":49,"column":20},"end":{"line":49,"column":null}},"12":{"start":{"line":51,"column":18},"end":{"line":51,"column":null}},"13":{"start":{"line":52,"column":18},"end":{"line":52,"column":null}},"14":{"start":{"line":54,"column":18},"end":{"line":54,"column":null}},"15":{"start":{"line":55,"column":18},"end":{"line":55,"column":null}},"16":{"start":{"line":57,"column":2},"end":{"line":102,"column":null}},"17":{"start":{"line":106,"column":49},"end":{"line":119,"column":null}},"18":{"start":{"line":107,"column":2},"end":{"line":117,"column":null}},"19":{"start":{"line":121,"column":47},"end":{"line":134,"column":null}},"20":{"start":{"line":122,"column":2},"end":{"line":132,"column":null}},"21":{"start":{"line":136,"column":53},"end":{"line":149,"column":null}},"22":{"start":{"line":137,"column":2},"end":{"line":147,"column":null}},"23":{"start":{"line":151,"column":47},"end":{"line":256,"column":null}},"24":{"start":{"line":168,"column":28},"end":{"line":179,"column":null}},"25":{"start":{"line":169,"column":4},"end":{"line":169,"column":null}},"26":{"start":{"line":169,"column":19},"end":{"line":169,"column":null}},"27":{"start":{"line":171,"column":24},"end":{"line":171,"column":null}},"28":{"start":{"line":172,"column":27},"end":{"line":172,"column":null}},"29":{"start":{"line":173,"column":25},"end":{"line":173,"column":null}},"30":{"start":{"line":174,"column":4},"end":{"line":178,"column":null}},"31":{"start":{"line":181,"column":2},"end":{"line":254,"column":null}},"32":{"start":{"line":239,"column":16},"end":{"line":239,"column":null}},"33":{"start":{"line":240,"column":16},"end":{"line":242,"column":null}},"34":{"start":{"line":241,"column":18},"end":{"line":241,"column":null}}},"fnMap":{"0":{"name":"(anonymous_0)","decl":{"start":{"line":25,"column":20},"end":{"line":25,"column":21}},"loc":{"start":{"line":25,"column":47},"end":{"line":32,"column":null}},"line":25},"1":{"name":"(anonymous_1)","decl":{"start":{"line":34,"column":87},"end":{"line":34,"column":88}},"loc":{"start":{"line":38,"column":6},"end":{"line":104,"column":null}},"line":38},"2":{"name":"(anonymous_2)","decl":{"start":{"line":106,"column":49},"end":{"line":106,"column":50}},"loc":{"start":{"line":106,"column":64},"end":{"line":119,"column":null}},"line":106},"3":{"name":"(anonymous_3)","decl":{"start":{"line":121,"column":47},"end":{"line":121,"column":48}},"loc":{"start":{"line":121,"column":62},"end":{"line":134,"column":null}},"line":121},"4":{"name":"(anonymous_4)","decl":{"start":{"line":136,"column":53},"end":{"line":136,"column":54}},"loc":{"start":{"line":136,"column":68},"end":{"line":149,"column":null}},"line":136},"5":{"name":"(anonymous_5)","decl":{"start":{"line":151,"column":47},"end":{"line":151,"column":48}},"loc":{"start":{"line":167,"column":6},"end":{"line":256,"column":null}},"line":167},"6":{"name":"(anonymous_6)","decl":{"start":{"line":168,"column":28},"end":{"line":168,"column":34}},"loc":{"start":{"line":168,"column":34},"end":{"line":179,"column":null}},"line":168},"7":{"name":"(anonymous_7)","decl":{"start":{"line":238,"column":23},"end":{"line":238,"column":24}},"loc":{"start":{"line":238,"column":30},"end":{"line":243,"column":null}},"line":238}},"branchMap":{"0":{"loc":{"start":{"line":31,"column":9},"end":{"line":31,"column":null}},"type":"binary-expr","locations":[{"start":{"line":31,"column":9},"end":{"line":31,"column":27}},{"start":{"line":31,"column":27},"end":{"line":31,"column":null}}],"line":31},"1":{"loc":{"start":{"line":36,"column":2},"end":{"line":36,"column":null}},"type":"default-arg","locations":[{"start":{"line":36,"column":13},"end":{"line":36,"column":null}}],"line":36},"2":{"loc":{"start":{"line":37,"column":2},"end":{"line":37,"column":null}},"type":"default-arg","locations":[{"start":{"line":37,"column":13},"end":{"line":37,"column":null}}],"line":37},"3":{"loc":{"start":{"line":40,"column":8},"end":{"line":40,"column":null}},"type":"binary-expr","locations":[{"start":{"line":40,"column":8},"end":{"line":40,"column":56}},{"start":{"line":40,"column":56},"end":{"line":40,"column":null}}],"line":40},"4":{"loc":{"start":{"line":41,"column":8},"end":{"line":41,"column":null}},"type":"binary-expr","locations":[{"start":{"line":41,"column":8},"end":{"line":41,"column":56}},{"start":{"line":41,"column":56},"end":{"line":41,"column":null}}],"line":41},"5":{"loc":{"start":{"line":154,"column":2},"end":{"line":154,"column":null}},"type":"default-arg","locations":[{"start":{"line":154,"column":15},"end":{"line":154,"column":null}}],"line":154},"6":{"loc":{"start":{"line":159,"column":2},"end":{"line":159,"column":null}},"type":"default-arg","locations":[{"start":{"line":159,"column":15},"end":{"line":159,"column":null}}],"line":159},"7":{"loc":{"start":{"line":160,"column":2},"end":{"line":160,"column":null}},"type":"default-arg","locations":[{"start":{"line":160,"column":16},"end":{"line":160,"column":null}}],"line":160},"8":{"loc":{"start":{"line":164,"column":2},"end":{"line":164,"column":null}},"type":"default-arg","locations":[{"start":{"line":164,"column":13},"end":{"line":164,"column":null}}],"line":164},"9":{"loc":{"start":{"line":166,"column":2},"end":{"line":166,"column":null}},"type":"default-arg","locations":[{"start":{"line":166,"column":15},"end":{"line":166,"column":null}}],"line":166},"10":{"loc":{"start":{"line":169,"column":4},"end":{"line":169,"column":null}},"type":"if","locations":[{"start":{"line":169,"column":4},"end":{"line":169,"column":null}},{"start":{},"end":{}}],"line":169},"11":{"loc":{"start":{"line":207,"column":81},"end":{"line":207,"column":112}},"type":"cond-expr","locations":[{"start":{"line":207,"column":92},"end":{"line":207,"column":110}},{"start":{"line":207,"column":110},"end":{"line":207,"column":112}}],"line":207},"12":{"loc":{"start":{"line":207,"column":116},"end":{"line":207,"column":198}},"type":"cond-expr","locations":[{"start":{"line":207,"column":129},"end":{"line":207,"column":145}},{"start":{"line":207,"column":145},"end":{"line":207,"column":198}}],"line":207},"13":{"loc":{"start":{"line":207,"column":145},"end":{"line":207,"column":198}},"type":"cond-expr","locations":[{"start":{"line":207,"column":171},"end":{"line":207,"column":186}},{"start":{"line":207,"column":186},"end":{"line":207,"column":198}}],"line":207},"14":{"loc":{"start":{"line":212,"column":11},"end":{"line":219,"column":null}},"type":"cond-expr","locations":[{"start":{"line":213,"column":12},"end":{"line":213,"column":null}},{"start":{"line":214,"column":14},"end":{"line":219,"column":null}}],"line":212},"15":{"loc":{"start":{"line":214,"column":14},"end":{"line":219,"column":null}},"type":"cond-expr","locations":[{"start":{"line":215,"column":12},"end":{"line":215,"column":null}},{"start":{"line":216,"column":14},"end":{"line":219,"column":null}}],"line":214},"16":{"loc":{"start":{"line":216,"column":14},"end":{"line":219,"column":null}},"type":"cond-expr","locations":[{"start":{"line":217,"column":12},"end":{"line":217,"column":null}},{"start":{"line":219,"column":12},"end":{"line":219,"column":null}}],"line":216},"17":{"loc":{"start":{"line":222,"column":11},"end":{"line":232,"column":null}},"type":"binary-expr","locations":[{"start":{"line":222,"column":11},"end":{"line":222,"column":null}},{"start":{"line":223,"column":12},"end":{"line":232,"column":null}}],"line":222},"18":{"loc":{"start":{"line":235,"column":11},"end":{"line":250,"column":null}},"type":"binary-expr","locations":[{"start":{"line":235,"column":11},"end":{"line":235,"column":null}},{"start":{"line":236,"column":12},"end":{"line":250,"column":null}}],"line":235},"19":{"loc":{"start":{"line":240,"column":16},"end":{"line":242,"column":null}},"type":"if","locations":[{"start":{"line":240,"column":16},"end":{"line":242,"column":null}},{"start":{},"end":{}}],"line":240},"20":{"loc":{"start":{"line":245,"column":15},"end":{"line":248,"column":null}},"type":"cond-expr","locations":[{"start":{"line":246,"column":16},"end":{"line":246,"column":null}},{"start":{"line":248,"column":16},"end":{"line":248,"column":null}}],"line":245}},"s":{"0":2,"1":144,"2":144,"3":2,"4":6,"5":6,"6":6,"7":6,"8":6,"9":6,"10":6,"11":6,"12":6,"13":6,"14":6,"15":6,"16":6,"17":2,"18":79,"19":2,"20":1,"21":2,"22":58,"23":2,"24":144,"25":144,"26":76,"27":68,"28":68,"29":68,"30":68,"31":144,"32":3,"33":3,"34":2},"f":{"0":144,"1":6,"2":79,"3":1,"4":58,"5":144,"6":144,"7":3},"b":{"0":[144,30],"1":[6],"2":[6],"3":[6,0],"4":[6,0],"5":[144],"6":[144],"7":[144],"8":[144],"9":[144],"10":[76,68],"11":[68,76],"12":[0,144],"13":[58,86],"14":[6,138],"15":[79,59],"16":[58,1],"17":[144,76],"18":[144,68],"19":[2,1],"20":[3,65]},"meta":{"lastBranch":21,"lastFunction":8,"lastStatement":35,"seen":{"s:25:20:32:Infinity":0,"f:25:20:25:21":0,"s:26:42:30:Infinity":1,"s:31:2:31:Infinity":2,"b:31:9:31:27:31:27:31:Infinity":0,"s:34:87:104:Infinity":3,"f:34:87:34:88":1,"b:36:13:36:Infinity":1,"b:37:13:37:Infinity":2,"s:40:8:40:Infinity":4,"b:40:8:40:56:40:56:40:Infinity":3,"s:41:8:41:Infinity":5,"b:41:8:41:56:41:56:41:Infinity":4,"s:43:19:43:Infinity":6,"s:44:18:44:Infinity":7,"s:45:18:45:Infinity":8,"s:46:17:46:Infinity":9,"s:48:20:48:Infinity":10,"s:49:20:49:Infinity":11,"s:51:18:51:Infinity":12,"s:52:18:52:Infinity":13,"s:54:18:54:Infinity":14,"s:55:18:55:Infinity":15,"s:57:2:102:Infinity":16,"s:106:49:119:Infinity":17,"f:106:49:106:50":2,"s:107:2:117:Infinity":18,"s:121:47:134:Infinity":19,"f:121:47:121:48":3,"s:122:2:132:Infinity":20,"s:136:53:149:Infinity":21,"f:136:53:136:54":4,"s:137:2:147:Infinity":22,"s:151:47:256:Infinity":23,"f:151:47:151:48":5,"b:154:15:154:Infinity":5,"b:159:15:159:Infinity":6,"b:160:16:160:Infinity":7,"b:164:13:164:Infinity":8,"b:166:15:166:Infinity":9,"s:168:28:179:Infinity":24,"f:168:28:168:34":6,"b:169:4:169:Infinity:undefined:undefined:undefined:undefined":10,"s:169:4:169:Infinity":25,"s:169:19:169:Infinity":26,"s:171:24:171:Infinity":27,"s:172:27:172:Infinity":28,"s:173:25:173:Infinity":29,"s:174:4:178:Infinity":30,"s:181:2:254:Infinity":31,"b:207:92:207:110:207:110:207:112":11,"b:207:129:207:145:207:145:207:198":12,"b:207:171:207:186:207:186:207:198":13,"b:213:12:213:Infinity:214:14:219:Infinity":14,"b:215:12:215:Infinity:216:14:219:Infinity":15,"b:217:12:217:Infinity:219:12:219:Infinity":16,"b:222:11:222:Infinity:223:12:232:Infinity":17,"b:235:11:235:Infinity:236:12:250:Infinity":18,"f:238:23:238:24":7,"s:239:16:239:Infinity":32,"b:240:16:242:Infinity:undefined:undefined:undefined:undefined":19,"s:240:16:242:Infinity":33,"s:241:18:241:Infinity":34,"b:246:16:246:Infinity:248:16:248:Infinity":20}}}
,"/media/jeremy/OrangeCream/Linux Software/ComfyUI-master/Linux-ComfyUI-Launcher/frontend/src/components/AppSidebar.tsx": {"path":"/media/jeremy/OrangeCream/Linux Software/ComfyUI-master/Linux-ComfyUI-Launcher/frontend/src/components/AppSidebar.tsx","statementMap":{"0":{"start":{"line":20,"column":53},"end":{"line":232,"column":null}},"1":{"start":{"line":32,"column":30},"end":{"line":32,"column":null}},"2":{"start":{"line":33,"column":36},"end":{"line":33,"column":null}},"3":{"start":{"line":34,"column":40},"end":{"line":34,"column":null}},"4":{"start":{"line":35,"column":30},"end":{"line":35,"column":null}},"5":{"start":{"line":36,"column":8},"end":{"line":36,"column":null}},"6":{"start":{"line":38,"column":26},"end":{"line":41,"column":null}},"7":{"start":{"line":39,"column":4},"end":{"line":39,"column":null}},"8":{"start":{"line":40,"column":4},"end":{"line":40,"column":null}},"9":{"start":{"line":44,"column":2},"end":{"line":53,"column":null}},"10":{"start":{"line":45,"column":28},"end":{"line":50,"column":null}},"11":{"start":{"line":46,"column":6},"end":{"line":49,"column":null}},"12":{"start":{"line":47,"column":21},"end":{"line":47,"column":null}},"13":{"start":{"line":48,"column":8},"end":{"line":48,"column":null}},"14":{"start":{"line":51,"column":4},"end":{"line":51,"column":null}},"15":{"start":{"line":52,"column":4},"end":{"line":52,"column":null}},"16":{"start":{"line":52,"column":17},"end":{"line":52,"column":null}},"17":{"start":{"line":56,"column":33},"end":{"line":62,"column":null}},"18":{"start":{"line":57,"column":21},"end":{"line":57,"column":null}},"19":{"start":{"line":58,"column":20},"end":{"line":58,"column":null}},"20":{"start":{"line":59,"column":24},"end":{"line":59,"column":null}},"21":{"start":{"line":60,"column":25},"end":{"line":60,"column":null}},"22":{"start":{"line":61,"column":4},"end":{"line":61,"column":null}},"23":{"start":{"line":64,"column":29},"end":{"line":78,"column":null}},"24":{"start":{"line":66,"column":4},"end":{"line":77,"column":null}},"25":{"start":{"line":67,"column":6},"end":{"line":76,"column":null}},"26":{"start":{"line":68,"column":8},"end":{"line":68,"column":null}},"27":{"start":{"line":71,"column":25},"end":{"line":71,"column":null}},"28":{"start":{"line":72,"column":24},"end":{"line":72,"column":null}},"29":{"start":{"line":73,"column":28},"end":{"line":73,"column":null}},"30":{"start":{"line":74,"column":29},"end":{"line":74,"column":null}},"31":{"start":{"line":75,"column":8},"end":{"line":75,"column":null}},"32":{"start":{"line":80,"column":26},"end":{"line":84,"column":null}},"33":{"start":{"line":81,"column":4},"end":{"line":83,"column":null}},"34":{"start":{"line":82,"column":6},"end":{"line":82,"column":null}},"35":{"start":{"line":86,"column":30},"end":{"line":92,"column":null}},"36":{"start":{"line":87,"column":4},"end":{"line":91,"column":null}},"37":{"start":{"line":88,"column":6},"end":{"line":88,"column":null}},"38":{"start":{"line":89,"column":6},"end":{"line":89,"column":null}},"39":{"start":{"line":90,"column":6},"end":{"line":90,"column":null}},"40":{"start":{"line":94,"column":28},"end":{"line":105,"column":null}},"41":{"start":{"line":95,"column":4},"end":{"line":104,"column":null}},"42":{"start":{"line":96,"column":27},"end":{"line":96,"column":null}},"43":{"start":{"line":97,"column":6},"end":{"line":101,"column":null}},"44":{"start":{"line":99,"column":8},"end":{"line":99,"column":null}},"45":{"start":{"line":100,"column":8},"end":{"line":100,"column":null}},"46":{"start":{"line":102,"column":6},"end":{"line":102,"column":null}},"47":{"start":{"line":103,"column":6},"end":{"line":103,"column":null}},"48":{"start":{"line":108,"column":2},"end":{"line":132,"column":null}},"49":{"start":{"line":109,"column":4},"end":{"line":109,"column":null}},"50":{"start":{"line":109,"column":22},"end":{"line":109,"column":null}},"51":{"start":{"line":111,"column":28},"end":{"line":128,"column":null}},"52":{"start":{"line":112,"column":6},"end":{"line":127,"column":null}},"53":{"start":{"line":113,"column":21},"end":{"line":113,"column":null}},"54":{"start":{"line":114,"column":18},"end":{"line":114,"column":null}},"55":{"start":{"line":115,"column":25},"end":{"line":115,"column":null}},"56":{"start":{"line":116,"column":24},"end":{"line":116,"column":null}},"57":{"start":{"line":117,"column":28},"end":{"line":117,"column":null}},"58":{"start":{"line":118,"column":28},"end":{"line":118,"column":null}},"59":{"start":{"line":119,"column":29},"end":{"line":119,"column":null}},"60":{"start":{"line":119,"column":53},"end":{"line":119,"column":75}},"61":{"start":{"line":121,"column":8},"end":{"line":126,"column":null}},"62":{"start":{"line":122,"column":26},"end":{"line":122,"column":null}},"63":{"start":{"line":123,"column":28},"end":{"line":123,"column":null}},"64":{"start":{"line":124,"column":10},"end":{"line":124,"column":null}},"65":{"start":{"line":125,"column":10},"end":{"line":125,"column":null}},"66":{"start":{"line":130,"column":4},"end":{"line":130,"column":null}},"67":{"start":{"line":131,"column":4},"end":{"line":131,"column":null}},"68":{"start":{"line":131,"column":17},"end":{"line":131,"column":null}},"69":{"start":{"line":134,"column":2},"end":{"line":230,"column":null}},"70":{"start":{"line":153,"column":29},"end":{"line":153,"column":null}},"71":{"start":{"line":154,"column":30},"end":{"line":154,"column":null}},"72":{"start":{"line":155,"column":29},"end":{"line":155,"column":null}},"73":{"start":{"line":157,"column":10},"end":{"line":203,"column":null}},"74":{"start":{"line":160,"column":34},"end":{"line":160,"column":null}},"75":{"start":{"line":161,"column":31},"end":{"line":161,"column":null}},"76":{"start":{"line":166,"column":31},"end":{"line":166,"column":null}},"77":{"start":{"line":172,"column":32},"end":{"line":172,"column":null}},"78":{"start":{"line":173,"column":30},"end":{"line":173,"column":null}},"79":{"start":{"line":174,"column":33},"end":{"line":174,"column":null}},"80":{"start":{"line":176,"column":32},"end":{"line":176,"column":null}},"81":{"start":{"line":183,"column":34},"end":{"line":183,"column":null}},"82":{"start":{"line":184,"column":31},"end":{"line":184,"column":null}},"83":{"start":{"line":190,"column":31},"end":{"line":190,"column":null}},"84":{"start":{"line":196,"column":32},"end":{"line":196,"column":null}},"85":{"start":{"line":197,"column":30},"end":{"line":197,"column":null}},"86":{"start":{"line":198,"column":33},"end":{"line":198,"column":null}},"87":{"start":{"line":200,"column":32},"end":{"line":200,"column":null}}},"fnMap":{"0":{"name":"(anonymous_0)","decl":{"start":{"line":20,"column":53},"end":{"line":20,"column":54}},"loc":{"start":{"line":31,"column":6},"end":{"line":232,"column":null}},"line":31},"1":{"name":"(anonymous_1)","decl":{"start":{"line":38,"column":26},"end":{"line":38,"column":32}},"loc":{"start":{"line":38,"column":32},"end":{"line":41,"column":null}},"line":38},"2":{"name":"(anonymous_2)","decl":{"start":{"line":44,"column":12},"end":{"line":44,"column":18}},"loc":{"start":{"line":44,"column":18},"end":{"line":53,"column":5}},"line":44},"3":{"name":"(anonymous_3)","decl":{"start":{"line":45,"column":28},"end":{"line":45,"column":29}},"loc":{"start":{"line":45,"column":47},"end":{"line":50,"column":null}},"line":45},"4":{"name":"(anonymous_4)","decl":{"start":{"line":52,"column":11},"end":{"line":52,"column":17}},"loc":{"start":{"line":52,"column":17},"end":{"line":52,"column":null}},"line":52},"5":{"name":"(anonymous_5)","decl":{"start":{"line":56,"column":33},"end":{"line":56,"column":39}},"loc":{"start":{"line":56,"column":39},"end":{"line":62,"column":null}},"line":56},"6":{"name":"(anonymous_6)","decl":{"start":{"line":64,"column":29},"end":{"line":64,"column":30}},"loc":{"start":{"line":64,"column":54},"end":{"line":78,"column":null}},"line":64},"7":{"name":"(anonymous_7)","decl":{"start":{"line":80,"column":26},"end":{"line":80,"column":27}},"loc":{"start":{"line":80,"column":45},"end":{"line":84,"column":null}},"line":80},"8":{"name":"(anonymous_8)","decl":{"start":{"line":86,"column":30},"end":{"line":86,"column":31}},"loc":{"start":{"line":86,"column":70},"end":{"line":92,"column":null}},"line":86},"9":{"name":"(anonymous_9)","decl":{"start":{"line":94,"column":28},"end":{"line":94,"column":29}},"loc":{"start":{"line":94,"column":47},"end":{"line":105,"column":null}},"line":94},"10":{"name":"(anonymous_10)","decl":{"start":{"line":108,"column":12},"end":{"line":108,"column":18}},"loc":{"start":{"line":108,"column":18},"end":{"line":132,"column":5}},"line":108},"11":{"name":"(anonymous_11)","decl":{"start":{"line":111,"column":28},"end":{"line":111,"column":29}},"loc":{"start":{"line":111,"column":47},"end":{"line":128,"column":null}},"line":111},"12":{"name":"(anonymous_12)","decl":{"start":{"line":119,"column":44},"end":{"line":119,"column":45}},"loc":{"start":{"line":119,"column":53},"end":{"line":119,"column":75}},"line":119},"13":{"name":"(anonymous_13)","decl":{"start":{"line":131,"column":11},"end":{"line":131,"column":17}},"loc":{"start":{"line":131,"column":17},"end":{"line":131,"column":null}},"line":131},"14":{"name":"(anonymous_14)","decl":{"start":{"line":152,"column":18},"end":{"line":152,"column":19}},"loc":{"start":{"line":152,"column":34},"end":{"line":205,"column":9}},"line":152},"15":{"name":"(anonymous_15)","decl":{"start":{"line":160,"column":27},"end":{"line":160,"column":28}},"loc":{"start":{"line":160,"column":34},"end":{"line":160,"column":null}},"line":160},"16":{"name":"(anonymous_16)","decl":{"start":{"line":161,"column":25},"end":{"line":161,"column":31}},"loc":{"start":{"line":161,"column":31},"end":{"line":161,"column":null}},"line":161},"17":{"name":"(anonymous_17)","decl":{"start":{"line":166,"column":25},"end":{"line":166,"column":31}},"loc":{"start":{"line":166,"column":31},"end":{"line":166,"column":null}},"line":166},"18":{"name":"(anonymous_18)","decl":{"start":{"line":172,"column":26},"end":{"line":172,"column":32}},"loc":{"start":{"line":172,"column":32},"end":{"line":172,"column":null}},"line":172},"19":{"name":"(anonymous_19)","decl":{"start":{"line":173,"column":24},"end":{"line":173,"column":30}},"loc":{"start":{"line":173,"column":30},"end":{"line":173,"column":null}},"line":173},"20":{"name":"(anonymous_20)","decl":{"start":{"line":174,"column":27},"end":{"line":174,"column":33}},"loc":{"start":{"line":174,"column":33},"end":{"line":174,"column":null}},"line":174},"21":{"name":"(anonymous_21)","decl":{"start":{"line":176,"column":26},"end":{"line":176,"column":32}},"loc":{"start":{"line":176,"column":32},"end":{"line":176,"column":null}},"line":176},"22":{"name":"(anonymous_22)","decl":{"start":{"line":183,"column":27},"end":{"line":183,"column":28}},"loc":{"start":{"line":183,"column":34},"end":{"line":183,"column":null}},"line":183},"23":{"name":"(anonymous_23)","decl":{"start":{"line":184,"column":25},"end":{"line":184,"column":31}},"loc":{"start":{"line":184,"column":31},"end":{"line":184,"column":null}},"line":184},"24":{"name":"(anonymous_24)","decl":{"start":{"line":190,"column":25},"end":{"line":190,"column":31}},"loc":{"start":{"line":190,"column":31},"end":{"line":190,"column":null}},"line":190},"25":{"name":"(anonymous_25)","decl":{"start":{"line":196,"column":26},"end":{"line":196,"column":32}},"loc":{"start":{"line":196,"column":32},"end":{"line":196,"column":null}},"line":196},"26":{"name":"(anonymous_26)","decl":{"start":{"line":197,"column":24},"end":{"line":197,"column":30}},"loc":{"start":{"line":197,"column":30},"end":{"line":197,"column":null}},"line":197},"27":{"name":"(anonymous_27)","decl":{"start":{"line":198,"column":27},"end":{"line":198,"column":33}},"loc":{"start":{"line":198,"column":33},"end":{"line":198,"column":null}},"line":198},"28":{"name":"(anonymous_28)","decl":{"start":{"line":200,"column":26},"end":{"line":200,"column":32}},"loc":{"start":{"line":200,"column":32},"end":{"line":200,"column":null}},"line":200}},"branchMap":{"0":{"loc":{"start":{"line":46,"column":6},"end":{"line":49,"column":null}},"type":"if","locations":[{"start":{"line":46,"column":6},"end":{"line":49,"column":null}},{"start":{},"end":{}}],"line":46},"1":{"loc":{"start":{"line":46,"column":10},"end":{"line":46,"column":42}},"type":"binary-expr","locations":[{"start":{"line":46,"column":10},"end":{"line":46,"column":32}},{"start":{"line":46,"column":32},"end":{"line":46,"column":42}}],"line":46},"2":{"loc":{"start":{"line":66,"column":4},"end":{"line":77,"column":null}},"type":"if","locations":[{"start":{"line":66,"column":4},"end":{"line":77,"column":null}},{"start":{},"end":{}}],"line":66},"3":{"loc":{"start":{"line":67,"column":6},"end":{"line":76,"column":null}},"type":"if","locations":[{"start":{"line":67,"column":6},"end":{"line":76,"column":null}},{"start":{"line":69,"column":13},"end":{"line":76,"column":null}}],"line":67},"4":{"loc":{"start":{"line":81,"column":4},"end":{"line":83,"column":null}},"type":"if","locations":[{"start":{"line":81,"column":4},"end":{"line":83,"column":null}},{"start":{},"end":{}}],"line":81},"5":{"loc":{"start":{"line":82,"column":18},"end":{"line":82,"column":56}},"type":"cond-expr","locations":[{"start":{"line":82,"column":44},"end":{"line":82,"column":51}},{"start":{"line":82,"column":51},"end":{"line":82,"column":56}}],"line":82},"6":{"loc":{"start":{"line":87,"column":4},"end":{"line":91,"column":null}},"type":"if","locations":[{"start":{"line":87,"column":4},"end":{"line":91,"column":null}},{"start":{},"end":{}}],"line":87},"7":{"loc":{"start":{"line":95,"column":4},"end":{"line":104,"column":null}},"type":"if","locations":[{"start":{"line":95,"column":4},"end":{"line":104,"column":null}},{"start":{},"end":{}}],"line":95},"8":{"loc":{"start":{"line":95,"column":8},"end":{"line":95,"column":43}},"type":"binary-expr","locations":[{"start":{"line":95,"column":8},"end":{"line":95,"column":20}},{"start":{"line":95,"column":20},"end":{"line":95,"column":43}}],"line":95},"9":{"loc":{"start":{"line":96,"column":41},"end":{"line":96,"column":null}},"type":"binary-expr","locations":[{"start":{"line":96,"column":41},"end":{"line":96,"column":58}},{"start":{"line":96,"column":58},"end":{"line":96,"column":null}}],"line":96},"10":{"loc":{"start":{"line":97,"column":6},"end":{"line":101,"column":null}},"type":"if","locations":[{"start":{"line":97,"column":6},"end":{"line":101,"column":null}},{"start":{},"end":{}}],"line":97},"11":{"loc":{"start":{"line":109,"column":4},"end":{"line":109,"column":null}},"type":"if","locations":[{"start":{"line":109,"column":4},"end":{"line":109,"column":null}},{"start":{},"end":{}}],"line":109},"12":{"loc":{"start":{"line":112,"column":6},"end":{"line":127,"column":null}},"type":"if","locations":[{"start":{"line":112,"column":6},"end":{"line":127,"column":null}},{"start":{},"end":{}}],"line":112},"13":{"loc":{"start":{"line":112,"column":10},"end":{"line":112,"column":57}},"type":"binary-expr","locations":[{"start":{"line":112,"column":10},"end":{"line":112,"column":32}},{"start":{"line":112,"column":32},"end":{"line":112,"column":44}},{"start":{"line":112,"column":44},"end":{"line":112,"column":57}}],"line":112},"14":{"loc":{"start":{"line":121,"column":8},"end":{"line":126,"column":null}},"type":"if","locations":[{"start":{"line":121,"column":8},"end":{"line":126,"column":null}},{"start":{},"end":{}}],"line":121},"15":{"loc":{"start":{"line":138,"column":8},"end":{"line":138,"column":null}},"type":"cond-expr","locations":[{"start":{"line":138,"column":19},"end":{"line":138,"column":65}},{"start":{"line":138,"column":65},"end":{"line":138,"column":null}}],"line":138},"16":{"loc":{"start":{"line":142,"column":7},"end":{"line":148,"column":null}},"type":"binary-expr","locations":[{"start":{"line":142,"column":7},"end":{"line":142,"column":null}},{"start":{"line":143,"column":8},"end":{"line":148,"column":null}}],"line":142},"17":{"loc":{"start":{"line":157,"column":17},"end":{"line":203,"column":null}},"type":"cond-expr","locations":[{"start":{"line":158,"column":12},"end":{"line":179,"column":null}},{"start":{"line":181,"column":12},"end":{"line":203,"column":null}}],"line":157},"18":{"loc":{"start":{"line":157,"column":17},"end":{"line":157,"column":null}},"type":"binary-expr","locations":[{"start":{"line":157,"column":17},"end":{"line":157,"column":32}},{"start":{"line":157,"column":32},"end":{"line":157,"column":null}}],"line":157},"19":{"loc":{"start":{"line":211,"column":10},"end":{"line":213,"column":null}},"type":"cond-expr","locations":[{"start":{"line":212,"column":14},"end":{"line":212,"column":null}},{"start":{"line":213,"column":14},"end":{"line":213,"column":null}}],"line":211},"20":{"loc":{"start":{"line":217,"column":40},"end":{"line":217,"column":67}},"type":"cond-expr","locations":[{"start":{"line":217,"column":51},"end":{"line":217,"column":65}},{"start":{"line":217,"column":65},"end":{"line":217,"column":67}}],"line":217}},"s":{"0":1,"1":59,"2":59,"3":59,"4":59,"5":59,"6":59,"7":18,"8":18,"9":59,"10":48,"11":30,"12":9,"13":9,"14":48,"15":48,"16":48,"17":59,"18":29,"19":29,"20":29,"21":29,"22":29,"23":59,"24":26,"25":5,"26":1,"27":4,"28":4,"29":4,"30":4,"31":4,"32":59,"33":3,"34":2,"35":59,"36":3,"37":1,"38":1,"39":1,"40":59,"41":3,"42":1,"43":1,"44":1,"45":1,"46":1,"47":1,"48":59,"49":50,"50":49,"51":1,"52":0,"53":0,"54":0,"55":0,"56":0,"57":0,"58":0,"59":0,"60":0,"61":0,"62":0,"63":0,"64":0,"65":0,"66":1,"67":1,"68":1,"69":59,"70":173,"71":173,"72":173,"73":173,"74":3,"75":3,"76":3,"77":0,"78":0,"79":0,"80":0,"81":0,"82":0,"83":0,"84":0,"85":0,"86":0,"87":0},"f":{"0":59,"1":18,"2":48,"3":30,"4":48,"5":29,"6":26,"7":3,"8":3,"9":3,"10":50,"11":0,"12":0,"13":1,"14":173,"15":3,"16":3,"17":3,"18":0,"19":0,"20":0,"21":0,"22":0,"23":0,"24":0,"25":0,"26":0,"27":0,"28":0},"b":{"0":[9,21],"1":[30,30],"2":[5,21],"3":[1,4],"4":[2,1],"5":[0,2],"6":[1,2],"7":[1,2],"8":[3,1],"9":[1,0],"10":[1,0],"11":[49,1],"12":[0,0],"13":[0,0,0],"14":[0,0],"15":[29,30],"16":[59,29],"17":[59,114],"18":[173,59],"19":[29,30],"20":[29,30]},"meta":{"lastBranch":21,"lastFunction":29,"lastStatement":88,"seen":{"s:20:53:232:Infinity":0,"f:20:53:20:54":0,"s:32:30:32:Infinity":1,"s:33:36:33:Infinity":2,"s:34:40:34:Infinity":3,"s:35:30:35:Infinity":4,"s:36:8:36:Infinity":5,"s:38:26:41:Infinity":6,"f:38:26:38:32":1,"s:39:4:39:Infinity":7,"s:40:4:40:Infinity":8,"s:44:2:53:Infinity":9,"f:44:12:44:18":2,"s:45:28:50:Infinity":10,"f:45:28:45:29":3,"b:46:6:49:Infinity:undefined:undefined:undefined:undefined":0,"s:46:6:49:Infinity":11,"b:46:10:46:32:46:32:46:42":1,"s:47:21:47:Infinity":12,"s:48:8:48:Infinity":13,"s:51:4:51:Infinity":14,"s:52:4:52:Infinity":15,"f:52:11:52:17":4,"s:52:17:52:Infinity":16,"s:56:33:62:Infinity":17,"f:56:33:56:39":5,"s:57:21:57:Infinity":18,"s:58:20:58:Infinity":19,"s:59:24:59:Infinity":20,"s:60:25:60:Infinity":21,"s:61:4:61:Infinity":22,"s:64:29:78:Infinity":23,"f:64:29:64:30":6,"b:66:4:77:Infinity:undefined:undefined:undefined:undefined":2,"s:66:4:77:Infinity":24,"b:67:6:76:Infinity:69:13:76:Infinity":3,"s:67:6:76:Infinity":25,"s:68:8:68:Infinity":26,"s:71:25:71:Infinity":27,"s:72:24:72:Infinity":28,"s:73:28:73:Infinity":29,"s:74:29:74:Infinity":30,"s:75:8:75:Infinity":31,"s:80:26:84:Infinity":32,"f:80:26:80:27":7,"b:81:4:83:Infinity:undefined:undefined:undefined:undefined":4,"s:81:4:83:Infinity":33,"s:82:6:82:Infinity":34,"b:82:44:82:51:82:51:82:56":5,"s:86:30:92:Infinity":35,"f:86:30:86:31":8,"b:87:4:91:Infinity:undefined:undefined:undefined:undefined":6,"s:87:4:91:Infinity":36,"s:88:6:88:Infinity":37,"s:89:6:89:Infinity":38,"s:90:6:90:Infinity":39,"s:94:28:105:Infinity":40,"f:94:28:94:29":9,"b:95:4:104:Infinity:undefined:undefined:undefined:undefined":7,"s:95:4:104:Infinity":41,"b:95:8:95:20:95:20:95:43":8,"s:96:27:96:Infinity":42,"b:96:41:96:58:96:58:96:Infinity":9,"b:97:6:101:Infinity:undefined:undefined:undefined:undefined":10,"s:97:6:101:Infinity":43,"s:99:8:99:Infinity":44,"s:100:8:100:Infinity":45,"s:102:6:102:Infinity":46,"s:103:6:103:Infinity":47,"s:108:2:132:Infinity":48,"f:108:12:108:18":10,"b:109:4:109:Infinity:undefined:undefined:undefined:undefined":11,"s:109:4:109:Infinity":49,"s:109:22:109:Infinity":50,"s:111:28:128:Infinity":51,"f:111:28:111:29":11,"b:112:6:127:Infinity:undefined:undefined:undefined:undefined":12,"s:112:6:127:Infinity":52,"b:112:10:112:32:112:32:112:44:112:44:112:57":13,"s:113:21:113:Infinity":53,"s:114:18:114:Infinity":54,"s:115:25:115:Infinity":55,"s:116:24:116:Infinity":56,"s:117:28:117:Infinity":57,"s:118:28:118:Infinity":58,"s:119:29:119:Infinity":59,"f:119:44:119:45":12,"s:119:53:119:75":60,"b:121:8:126:Infinity:undefined:undefined:undefined:undefined":14,"s:121:8:126:Infinity":61,"s:122:26:122:Infinity":62,"s:123:28:123:Infinity":63,"s:124:10:124:Infinity":64,"s:125:10:125:Infinity":65,"s:130:4:130:Infinity":66,"s:131:4:131:Infinity":67,"f:131:11:131:17":13,"s:131:17:131:Infinity":68,"s:134:2:230:Infinity":69,"b:138:19:138:65:138:65:138:Infinity":15,"b:142:7:142:Infinity:143:8:148:Infinity":16,"f:152:18:152:19":14,"s:153:29:153:Infinity":70,"s:154:30:154:Infinity":71,"s:155:29:155:Infinity":72,"s:157:10:203:Infinity":73,"b:158:12:179:Infinity:181:12:203:Infinity":17,"b:157:17:157:32:157:32:157:Infinity":18,"f:160:27:160:28":15,"s:160:34:160:Infinity":74,"f:161:25:161:31":16,"s:161:31:161:Infinity":75,"f:166:25:166:31":17,"s:166:31:166:Infinity":76,"f:172:26:172:32":18,"s:172:32:172:Infinity":77,"f:173:24:173:30":19,"s:173:30:173:Infinity":78,"f:174:27:174:33":20,"s:174:33:174:Infinity":79,"f:176:26:176:32":21,"s:176:32:176:Infinity":80,"f:183:27:183:28":22,"s:183:34:183:Infinity":81,"f:184:25:184:31":23,"s:184:31:184:Infinity":82,"f:190:25:190:31":24,"s:190:31:190:Infinity":83,"f:196:26:196:32":25,"s:196:32:196:Infinity":84,"f:197:24:197:30":26,"s:197:30:197:Infinity":85,"f:198:27:198:33":27,"s:198:33:198:Infinity":86,"f:200:26:200:32":28,"s:200:32:200:Infinity":87,"b:212:14:212:Infinity:213:14:213:Infinity":19,"b:217:51:217:65:217:65:217:67":20}}}
,"/media/jeremy/OrangeCream/Linux Software/ComfyUI-master/Linux-ComfyUI-Launcher/frontend/src/components/ComfyUIIcon.tsx": {"path":"/media/jeremy/OrangeCream/Linux Software/ComfyUI-master/Linux-ComfyUI-Launcher/frontend/src/components/ComfyUIIcon.tsx","statementMap":{"0":{"start":{"line":23,"column":72},"end":{"line":92,"column":null}},"1":{"start":{"line":28,"column":8},"end":{"line":28,"column":null}},"2":{"start":{"line":29,"column":8},"end":{"line":29,"column":null}},"3":{"start":{"line":30,"column":19},"end":{"line":30,"column":null}},"4":{"start":{"line":31,"column":18},"end":{"line":31,"column":null}},"5":{"start":{"line":32,"column":18},"end":{"line":32,"column":null}},"6":{"start":{"line":33,"column":17},"end":{"line":33,"column":null}},"7":{"start":{"line":35,"column":20},"end":{"line":35,"column":null}},"8":{"start":{"line":36,"column":20},"end":{"line":36,"column":null}},"9":{"start":{"line":38,"column":18},"end":{"line":38,"column":null}},"10":{"start":{"line":39,"column":18},"end":{"line":39,"column":null}},"11":{"start":{"line":41,"column":18},"end":{"line":41,"column":null}},"12":{"start":{"line":42,"column":18},"end":{"line":42,"column":null}},"13":{"start":{"line":44,"column":2},"end":{"line":90,"column":null}},"14":{"start":{"line":94,"column":30},"end":{"line":107,"column":null}},"15":{"start":{"line":95,"column":2},"end":{"line":105,"column":null}},"16":{"start":{"line":109,"column":28},"end":{"line":122,"column":null}},"17":{"start":{"line":110,"column":2},"end":{"line":120,"column":null}},"18":{"start":{"line":124,"column":34},"end":{"line":137,"column":null}},"19":{"start":{"line":125,"column":2},"end":{"line":135,"column":null}},"20":{"start":{"line":139,"column":55},"end":{"line":243,"column":null}},"21":{"start":{"line":155,"column":28},"end":{"line":166,"column":null}},"22":{"start":{"line":156,"column":4},"end":{"line":156,"column":null}},"23":{"start":{"line":156,"column":19},"end":{"line":156,"column":null}},"24":{"start":{"line":158,"column":24},"end":{"line":158,"column":null}},"25":{"start":{"line":159,"column":27},"end":{"line":159,"column":null}},"26":{"start":{"line":160,"column":25},"end":{"line":160,"column":null}},"27":{"start":{"line":161,"column":4},"end":{"line":165,"column":null}},"28":{"start":{"line":168,"column":2},"end":{"line":241,"column":null}},"29":{"start":{"line":226,"column":16},"end":{"line":226,"column":null}},"30":{"start":{"line":227,"column":16},"end":{"line":229,"column":null}},"31":{"start":{"line":228,"column":18},"end":{"line":228,"column":null}}},"fnMap":{"0":{"name":"(anonymous_0)","decl":{"start":{"line":23,"column":72},"end":{"line":23,"column":73}},"loc":{"start":{"line":26,"column":6},"end":{"line":92,"column":null}},"line":26},"1":{"name":"(anonymous_1)","decl":{"start":{"line":94,"column":30},"end":{"line":94,"column":36}},"loc":{"start":{"line":94,"column":36},"end":{"line":107,"column":null}},"line":94},"2":{"name":"(anonymous_2)","decl":{"start":{"line":109,"column":28},"end":{"line":109,"column":34}},"loc":{"start":{"line":109,"column":34},"end":{"line":122,"column":null}},"line":109},"3":{"name":"(anonymous_3)","decl":{"start":{"line":124,"column":34},"end":{"line":124,"column":40}},"loc":{"start":{"line":124,"column":40},"end":{"line":137,"column":null}},"line":124},"4":{"name":"(anonymous_4)","decl":{"start":{"line":139,"column":55},"end":{"line":139,"column":56}},"loc":{"start":{"line":154,"column":6},"end":{"line":243,"column":null}},"line":154},"5":{"name":"(anonymous_5)","decl":{"start":{"line":155,"column":28},"end":{"line":155,"column":34}},"loc":{"start":{"line":155,"column":34},"end":{"line":166,"column":null}},"line":155},"6":{"name":"(anonymous_6)","decl":{"start":{"line":225,"column":23},"end":{"line":225,"column":24}},"loc":{"start":{"line":225,"column":48},"end":{"line":230,"column":null}},"line":225}},"branchMap":{"0":{"loc":{"start":{"line":24,"column":2},"end":{"line":24,"column":null}},"type":"default-arg","locations":[{"start":{"line":24,"column":13},"end":{"line":24,"column":null}}],"line":24},"1":{"loc":{"start":{"line":25,"column":2},"end":{"line":25,"column":null}},"type":"default-arg","locations":[{"start":{"line":25,"column":13},"end":{"line":25,"column":null}}],"line":25},"2":{"loc":{"start":{"line":28,"column":8},"end":{"line":28,"column":null}},"type":"binary-expr","locations":[{"start":{"line":28,"column":8},"end":{"line":28,"column":56}},{"start":{"line":28,"column":56},"end":{"line":28,"column":null}}],"line":28},"3":{"loc":{"start":{"line":29,"column":8},"end":{"line":29,"column":null}},"type":"binary-expr","locations":[{"start":{"line":29,"column":8},"end":{"line":29,"column":56}},{"start":{"line":29,"column":56},"end":{"line":29,"column":null}}],"line":29},"4":{"loc":{"start":{"line":141,"column":2},"end":{"line":141,"column":null}},"type":"default-arg","locations":[{"start":{"line":141,"column":15},"end":{"line":141,"column":null}}],"line":141},"5":{"loc":{"start":{"line":146,"column":2},"end":{"line":146,"column":null}},"type":"default-arg","locations":[{"start":{"line":146,"column":15},"end":{"line":146,"column":null}}],"line":146},"6":{"loc":{"start":{"line":147,"column":2},"end":{"line":147,"column":null}},"type":"default-arg","locations":[{"start":{"line":147,"column":16},"end":{"line":147,"column":null}}],"line":147},"7":{"loc":{"start":{"line":151,"column":2},"end":{"line":151,"column":null}},"type":"default-arg","locations":[{"start":{"line":151,"column":13},"end":{"line":151,"column":null}}],"line":151},"8":{"loc":{"start":{"line":153,"column":2},"end":{"line":153,"column":null}},"type":"default-arg","locations":[{"start":{"line":153,"column":15},"end":{"line":153,"column":null}}],"line":153},"9":{"loc":{"start":{"line":156,"column":4},"end":{"line":156,"column":null}},"type":"if","locations":[{"start":{"line":156,"column":4},"end":{"line":156,"column":null}},{"start":{},"end":{}}],"line":156},"10":{"loc":{"start":{"line":194,"column":81},"end":{"line":194,"column":112}},"type":"cond-expr","locations":[{"start":{"line":194,"column":92},"end":{"line":194,"column":110}},{"start":{"line":194,"column":110},"end":{"line":194,"column":112}}],"line":194},"11":{"loc":{"start":{"line":194,"column":116},"end":{"line":194,"column":198}},"type":"cond-expr","locations":[{"start":{"line":194,"column":129},"end":{"line":194,"column":145}},{"start":{"line":194,"column":145},"end":{"line":194,"column":198}}],"line":194},"12":{"loc":{"start":{"line":194,"column":145},"end":{"line":194,"column":198}},"type":"cond-expr","locations":[{"start":{"line":194,"column":171},"end":{"line":194,"column":186}},{"start":{"line":194,"column":186},"end":{"line":194,"column":198}}],"line":194},"13":{"loc":{"start":{"line":199,"column":11},"end":{"line":206,"column":null}},"type":"cond-expr","locations":[{"start":{"line":200,"column":12},"end":{"line":200,"column":null}},{"start":{"line":201,"column":14},"end":{"line":206,"column":null}}],"line":199},"14":{"loc":{"start":{"line":201,"column":14},"end":{"line":206,"column":null}},"type":"cond-expr","locations":[{"start":{"line":202,"column":12},"end":{"line":202,"column":null}},{"start":{"line":203,"column":14},"end":{"line":206,"column":null}}],"line":201},"15":{"loc":{"start":{"line":203,"column":14},"end":{"line":206,"column":null}},"type":"cond-expr","locations":[{"start":{"line":204,"column":12},"end":{"line":204,"column":null}},{"start":{"line":206,"column":12},"end":{"line":206,"column":null}}],"line":203},"16":{"loc":{"start":{"line":209,"column":11},"end":{"line":219,"column":null}},"type":"binary-expr","locations":[{"start":{"line":209,"column":11},"end":{"line":209,"column":null}},{"start":{"line":210,"column":12},"end":{"line":219,"column":null}}],"line":209},"17":{"loc":{"start":{"line":222,"column":11},"end":{"line":237,"column":null}},"type":"binary-expr","locations":[{"start":{"line":222,"column":11},"end":{"line":222,"column":null}},{"start":{"line":223,"column":12},"end":{"line":237,"column":null}}],"line":222},"18":{"loc":{"start":{"line":227,"column":16},"end":{"line":229,"column":null}},"type":"if","locations":[{"start":{"line":227,"column":16},"end":{"line":229,"column":null}},{"start":{},"end":{}}],"line":227},"19":{"loc":{"start":{"line":232,"column":15},"end":{"line":235,"column":null}},"type":"cond-expr","locations":[{"start":{"line":233,"column":16},"end":{"line":233,"column":null}},{"start":{"line":235,"column":16},"end":{"line":235,"column":null}}],"line":232}},"s":{"0":2,"1":84,"2":84,"3":84,"4":84,"5":84,"6":84,"7":84,"8":84,"9":84,"10":84,"11":84,"12":84,"13":84,"14":2,"15":22,"16":2,"17":1,"18":2,"19":1,"20":2,"21":90,"22":90,"23":50,"24":40,"25":40,"26":40,"27":40,"28":90,"29":3,"30":3,"31":2},"f":{"0":84,"1":22,"2":1,"3":1,"4":90,"5":90,"6":3},"b":{"0":[84],"1":[84],"2":[84,0],"3":[84,0],"4":[90],"5":[90],"6":[90],"7":[90],"8":[90],"9":[50,40],"10":[40,50],"11":[2,88],"12":[1,87],"13":[66,24],"14":[22,2],"15":[1,1],"16":[90,50],"17":[90,40],"18":[2,1],"19":[4,36]},"meta":{"lastBranch":20,"lastFunction":7,"lastStatement":32,"seen":{"s:23:72:92:Infinity":0,"f:23:72:23:73":0,"b:24:13:24:Infinity":0,"b:25:13:25:Infinity":1,"s:28:8:28:Infinity":1,"b:28:8:28:56:28:56:28:Infinity":2,"s:29:8:29:Infinity":2,"b:29:8:29:56:29:56:29:Infinity":3,"s:30:19:30:Infinity":3,"s:31:18:31:Infinity":4,"s:32:18:32:Infinity":5,"s:33:17:33:Infinity":6,"s:35:20:35:Infinity":7,"s:36:20:36:Infinity":8,"s:38:18:38:Infinity":9,"s:39:18:39:Infinity":10,"s:41:18:41:Infinity":11,"s:42:18:42:Infinity":12,"s:44:2:90:Infinity":13,"s:94:30:107:Infinity":14,"f:94:30:94:36":1,"s:95:2:105:Infinity":15,"s:109:28:122:Infinity":16,"f:109:28:109:34":2,"s:110:2:120:Infinity":17,"s:124:34:137:Infinity":18,"f:124:34:124:40":3,"s:125:2:135:Infinity":19,"s:139:55:243:Infinity":20,"f:139:55:139:56":4,"b:141:15:141:Infinity":4,"b:146:15:146:Infinity":5,"b:147:16:147:Infinity":6,"b:151:13:151:Infinity":7,"b:153:15:153:Infinity":8,"s:155:28:166:Infinity":21,"f:155:28:155:34":5,"b:156:4:156:Infinity:undefined:undefined:undefined:undefined":9,"s:156:4:156:Infinity":22,"s:156:19:156:Infinity":23,"s:158:24:158:Infinity":24,"s:159:27:159:Infinity":25,"s:160:25:160:Infinity":26,"s:161:4:165:Infinity":27,"s:168:2:241:Infinity":28,"b:194:92:194:110:194:110:194:112":10,"b:194:129:194:145:194:145:194:198":11,"b:194:171:194:186:194:186:194:198":12,"b:200:12:200:Infinity:201:14:206:Infinity":13,"b:202:12:202:Infinity:203:14:206:Infinity":14,"b:204:12:204:Infinity:206:12:206:Infinity":15,"b:209:11:209:Infinity:210:12:219:Infinity":16,"b:222:11:222:Infinity:223:12:237:Infinity":17,"f:225:23:225:24":6,"s:226:16:226:Infinity":29,"b:227:16:229:Infinity:undefined:undefined:undefined:undefined":18,"s:227:16:229:Infinity":30,"s:228:18:228:Infinity":31,"b:233:16:233:Infinity:235:16:235:Infinity":19}}}
}
